<?xml version="1.0" encoding="UTF-8"?>
<!-- Generated by org.testng.reporters.JUnitXMLReporter -->
<testsuite ignored="4" hostname="ritik-Latitude-3410" failures="0" tests="3" name="Test" time="0.135" errors="0" timestamp="2022-02-01T18:52:48 IST">
  <testcase classname="Mobile.TestLogin" name="@BeforeSuite initializeDriver" time="0.007">
    <failure type="java.io.FileNotFoundException" message="/home/ritik/eclipse-workspace/GMP_HybridAutomationFramework-masterfinalProduction/src/test/java/resources/nullnull.properties (No such file or directory)">
      <![CDATA[java.io.FileNotFoundException: /home/ritik/eclipse-workspace/GMP_HybridAutomationFramework-masterfinalProduction/src/test/java/resources/nullnull.properties (No such file or directory)
at java.base/java.io.FileInputStream.open0(Native Method)
at java.base/java.io.FileInputStream.open(FileInputStream.java:211)
at java.base/java.io.FileInputStream.<init>(FileInputStream.java:153)
at java.base/java.io.FileInputStream.<init>(FileInputStream.java:108)
at CommonUtility.CreateSession.readConfigFile(CreateSession.java:43)
at Mobile.TestLogin.initializeDriver(TestLogin.java:39)
... Removed 19 stack frames]]>
    </failure>
  </testcase> <!-- @BeforeSuite initializeDriver -->
  <testcase classname="Mobile.TestLogin" name="@BeforeMethod initializeAssertions" time="-1.643721767911E9">
    <skipped/>
  </testcase> <!-- @BeforeMethod initializeAssertions -->
  <testcase classname="Mobile.TestLogin" name="@AfterMethod AssertAll" time="-1.643721767921E9">
    <skipped/>
  </testcase> <!-- @AfterMethod AssertAll -->
  <testcase classname="Mobile.TestLogin" name="selectCountry" time="0.0">
    <skipped/>
  </testcase> <!-- selectCountry -->
  <testcase classname="Mobile.TestLogin" name="loginAppcoa" time="0.0">
    <skipped/>
  </testcase> <!-- loginAppcoa -->
  <testcase classname="Mobile.TestLogin" name="PolandtarrifCheck" time="0.0">
    <skipped/>
  </testcase> <!-- PolandtarrifCheck -->
  <testcase classname="Mobile.TestLogin" name="EpmpStartButtonCheck" time="0.0">
    <ignored/>
  </testcase> <!-- EpmpStartButtonCheck -->
  <testcase classname="Mobile.TestLogin" name="deleteVehicle" time="0.0">
    <ignored/>
  </testcase> <!-- deleteVehicle -->
  <testcase classname="Mobile.TestLogin" name="startExtendStopSession" time="0.0">
    <ignored/>
  </testcase> <!-- startExtendStopSession -->
  <testcase classname="Mobile.TestLogin" name="addVehicle" time="0.0">
    <ignored/>
  </testcase> <!-- addVehicle -->
</testsuite> <!-- Test -->
