<?xml version="1.0" encoding="UTF-8"?>
<!-- Generated by org.testng.reporters.JUnitXMLReporter -->
<testsuite ignored="1" hostname="ritik-Latitude-3410" failures="0" tests="5" name="Test" time="180.057" errors="0" timestamp="2022-02-01T11:45:49 IST">
  <testcase classname="Mobile.TestLogin" name="selectCountry" time="11.554"/>
  <testcase classname="Mobile.TestLogin" name="loginAppcoa" time="28.681"/>
  <testcase classname="Mobile.TestLogin" name="addVehicle" time="16.813"/>
  <testcase classname="Mobile.TestLogin" name="startExtendStopSession" time="108.881"/>
  <testcase classname="Mobile.TestLogin" name="deleteVehicle" time="12.911"/>
  <testcase classname="Mobile.TestLogin" name="EpmpStartButtonCheck" time="0.0">
    <ignored/>
  </testcase> <!-- EpmpStartButtonCheck -->
</testsuite> <!-- Test -->
