<?xml version="1.0" encoding="UTF-8"?>
<testsuite xmlns:xsi="http://www.w3.org/2001/XMLSchema-instance" xsi:noNamespaceSchemaLocation="https://maven.apache.org/surefire/maven-surefire-plugin/xsd/surefire-test-report.xsd" name="TestSuite" time="43.142" tests="5" errors="0" skipped="0" failures="5">
  <properties>
[...]
</properties>
  <testcase name="selectCountry" classname="Mobile.TestLogin" time="7.216">
    <failure message="org.openqa.selenium.WebDriverException: Connection refused (Connection refused)&#10;Build info: version: &apos;3.141.59&apos;, revision: &apos;e82be7d358&apos;, time: &apos;2018-11-14T08:17:03&apos;&#10;System info: host: &apos;ritik-Latitude-3410&apos;, ip: &apos;127.0.1.1&apos;, os.name: &apos;Linux&apos;, os.arch: &apos;amd64&apos;, os.version: &apos;5.11.0-49-generic&apos;, java.version: &apos;11.0.14&apos;&#10;Driver info: driver.version: AndroidDriver" type="org.openqa.selenium.WebDriverException">org.openqa.selenium.WebDriverException: 
org.openqa.selenium.WebDriverException: Connection refused (Connection refused)
Build info: version: '3.141.59', revision: 'e82be7d358', time: '2018-11-14T08:17:03'
System info: host: 'ritik-Latitude-3410', ip: '127.0.1.1', os.name: 'Linux', os.arch: 'amd64', os.version: '5.11.0-49-generic', java.version: '11.0.14'
Driver info: driver.version: AndroidDriver
	at Mobile.TestLogin.selectCountry(TestLogin.java:102)
Caused by: org.openqa.selenium.WebDriverException: 
Connection refused (Connection refused)
Build info: version: '3.141.59', revision: 'e82be7d358', time: '2018-11-14T08:17:03'
System info: host: 'ritik-Latitude-3410', ip: '127.0.1.1', os.name: 'Linux', os.arch: 'amd64', os.version: '5.11.0-49-generic', java.version: '11.0.14'
Driver info: driver.version: AndroidDriver
	at Mobile.TestLogin.selectCountry(TestLogin.java:102)
Caused by: java.net.ConnectException: Connection refused (Connection refused)
	at Mobile.TestLogin.selectCountry(TestLogin.java:102)
</failure>
    <system-out><![CDATA[2022-02-03 11:38:19  Extent Report File path: /home/ritik/eclipse-workspace/GMP_HybridAutomationFramework-masterfinalProduction/Output/Reports//ExtentReport2022_02_03___11_38_19.html
2022-02-03 11:38:20  Start reading config file
2022-02-03 11:38:20  Read Complete property file.
2022-02-03 11:38:20  Starting launching mobile app 
2022-02-03 11:38:20  Platform: Android
2022-02-03 11:38:20  Launching android app
2022-02-03 11:38:34  Successfully launched android app
2022-02-03 11:38:34  New Test started: --> selectCountry
2022-02-03 11:38:39  Going to click Login button
2022-02-03 11:38:41  Test end:(Fail) --> selectCountry: org.openqa.selenium.WebDriverException: org.openqa.selenium.WebDriverException: Connection refused (Connection refused)
Build info: version: '3.141.59', revision: 'e82be7d358', time: '2018-11-14T08:17:03'
System info: host: 'ritik-Latitude-3410', ip: '127.0.1.1', os.name: 'Linux', os.arch: 'amd64', os.version: '5.11.0-49-generic', java.version: '11.0.14'
Driver info: driver.version: AndroidDriver
2022-02-03 11:38:41  Error in TestNG Listner(taking screenshot on failure): org.openqa.selenium.WebDriverException: Connection refused (Connection refused)
Build info: version: '3.141.59', revision: 'e82be7d358', time: '2018-11-14T08:17:03'
System info: host: 'ritik-Latitude-3410', ip: '127.0.1.1', os.name: 'Linux', os.arch: 'amd64', os.version: '5.11.0-49-generic', java.version: '11.0.14'
Driver info: driver.version: RemoteWebDriver
]]></system-out>
    <system-err><![CDATA[ERROR StatusLogger No log4j2 configuration file found. Using default configuration: logging only errors to the console. Set system property 'org.apache.logging.log4j.simplelog.StatusLogger.level' to TRACE to show Log4j2 internal initialization logging.
Feb 03, 2022 11:38:34 PM io.appium.java_client.remote.AppiumCommandExecutor$1 lambda$0
INFO: Detected dialect: W3C
]]></system-err>
  </testcase>
  <testcase name="loginAppcoa" classname="Mobile.TestLogin" time="12.026">
    <failure message="org.openqa.selenium.WebDriverException: Connection refused (Connection refused)&#10;Build info: version: &apos;3.141.59&apos;, revision: &apos;e82be7d358&apos;, time: &apos;2018-11-14T08:17:03&apos;&#10;System info: host: &apos;ritik-Latitude-3410&apos;, ip: &apos;127.0.1.1&apos;, os.name: &apos;Linux&apos;, os.arch: &apos;amd64&apos;, os.version: &apos;5.11.0-49-generic&apos;, java.version: &apos;11.0.14&apos;&#10;Driver info: driver.version: AndroidDriver" type="org.openqa.selenium.WebDriverException">org.openqa.selenium.WebDriverException: 
org.openqa.selenium.WebDriverException: Connection refused (Connection refused)
Build info: version: '3.141.59', revision: 'e82be7d358', time: '2018-11-14T08:17:03'
System info: host: 'ritik-Latitude-3410', ip: '127.0.1.1', os.name: 'Linux', os.arch: 'amd64', os.version: '5.11.0-49-generic', java.version: '11.0.14'
Driver info: driver.version: AndroidDriver
	at Mobile.TestLogin.loginAppcoa(TestLogin.java:117)
Caused by: org.openqa.selenium.WebDriverException: 
Connection refused (Connection refused)
Build info: version: '3.141.59', revision: 'e82be7d358', time: '2018-11-14T08:17:03'
System info: host: 'ritik-Latitude-3410', ip: '127.0.1.1', os.name: 'Linux', os.arch: 'amd64', os.version: '5.11.0-49-generic', java.version: '11.0.14'
Driver info: driver.version: AndroidDriver
	at Mobile.TestLogin.loginAppcoa(TestLogin.java:117)
Caused by: java.net.ConnectException: Connection refused (Connection refused)
	at Mobile.TestLogin.loginAppcoa(TestLogin.java:117)
</failure>
    <system-out><![CDATA[2022-02-03 11:38:43  New Test started: --> loginAppcoa
2022-02-03 11:38:55  Going to Login with credentials: testlegacy4@yopmail.com -> testing
2022-02-03 11:38:55  Test end:(Fail) --> loginAppcoa: org.openqa.selenium.WebDriverException: org.openqa.selenium.WebDriverException: Connection refused (Connection refused)
Build info: version: '3.141.59', revision: 'e82be7d358', time: '2018-11-14T08:17:03'
System info: host: 'ritik-Latitude-3410', ip: '127.0.1.1', os.name: 'Linux', os.arch: 'amd64', os.version: '5.11.0-49-generic', java.version: '11.0.14'
Driver info: driver.version: AndroidDriver
2022-02-03 11:38:55  Error in TestNG Listner(taking screenshot on failure): org.openqa.selenium.WebDriverException: Connection refused (Connection refused)
Build info: version: '3.141.59', revision: 'e82be7d358', time: '2018-11-14T08:17:03'
System info: host: 'ritik-Latitude-3410', ip: '127.0.1.1', os.name: 'Linux', os.arch: 'amd64', os.version: '5.11.0-49-generic', java.version: '11.0.14'
Driver info: driver.version: RemoteWebDriver
]]></system-out>
  </testcase>
  <testcase name="addVehicle" classname="Mobile.TestLogin" time="0.01">
    <failure message="org.openqa.selenium.WebDriverException: Connection refused (Connection refused)&#10;Build info: version: &apos;3.141.59&apos;, revision: &apos;e82be7d358&apos;, time: &apos;2018-11-14T08:17:03&apos;&#10;System info: host: &apos;ritik-Latitude-3410&apos;, ip: &apos;127.0.1.1&apos;, os.name: &apos;Linux&apos;, os.arch: &apos;amd64&apos;, os.version: &apos;5.11.0-49-generic&apos;, java.version: &apos;11.0.14&apos;&#10;Driver info: driver.version: AndroidDriver" type="org.openqa.selenium.WebDriverException">org.openqa.selenium.WebDriverException: 
org.openqa.selenium.WebDriverException: Connection refused (Connection refused)
Build info: version: '3.141.59', revision: 'e82be7d358', time: '2018-11-14T08:17:03'
System info: host: 'ritik-Latitude-3410', ip: '127.0.1.1', os.name: 'Linux', os.arch: 'amd64', os.version: '5.11.0-49-generic', java.version: '11.0.14'
Driver info: driver.version: AndroidDriver
	at Mobile.TestLogin.addVehicle(TestLogin.java:141)
Caused by: org.openqa.selenium.WebDriverException: 
Connection refused (Connection refused)
Build info: version: '3.141.59', revision: 'e82be7d358', time: '2018-11-14T08:17:03'
System info: host: 'ritik-Latitude-3410', ip: '127.0.1.1', os.name: 'Linux', os.arch: 'amd64', os.version: '5.11.0-49-generic', java.version: '11.0.14'
Driver info: driver.version: AndroidDriver
	at Mobile.TestLogin.addVehicle(TestLogin.java:141)
Caused by: java.net.ConnectException: Connection refused (Connection refused)
	at Mobile.TestLogin.addVehicle(TestLogin.java:141)
</failure>
    <system-out><![CDATA[2022-02-03 11:38:55  New Test started: --> addVehicle
2022-02-03 11:38:55  Add Vehicle Start
2022-02-03 11:38:55  Test end:(Fail) --> addVehicle: org.openqa.selenium.WebDriverException: org.openqa.selenium.WebDriverException: Connection refused (Connection refused)
Build info: version: '3.141.59', revision: 'e82be7d358', time: '2018-11-14T08:17:03'
System info: host: 'ritik-Latitude-3410', ip: '127.0.1.1', os.name: 'Linux', os.arch: 'amd64', os.version: '5.11.0-49-generic', java.version: '11.0.14'
Driver info: driver.version: AndroidDriver
2022-02-03 11:38:55  Error in TestNG Listner(taking screenshot on failure): org.openqa.selenium.WebDriverException: Connection refused (Connection refused)
Build info: version: '3.141.59', revision: 'e82be7d358', time: '2018-11-14T08:17:03'
System info: host: 'ritik-Latitude-3410', ip: '127.0.1.1', os.name: 'Linux', os.arch: 'amd64', os.version: '5.11.0-49-generic', java.version: '11.0.14'
Driver info: driver.version: RemoteWebDriver
]]></system-out>
  </testcase>
  <testcase name="startExtendStopSession" classname="Mobile.TestLogin" time="5.026">
    <failure message="Connection refused (Connection refused)&#10;Build info: version: &apos;3.141.59&apos;, revision: &apos;e82be7d358&apos;, time: &apos;2018-11-14T08:17:03&apos;&#10;System info: host: &apos;ritik-Latitude-3410&apos;, ip: &apos;127.0.1.1&apos;, os.name: &apos;Linux&apos;, os.arch: &apos;amd64&apos;, os.version: &apos;5.11.0-49-generic&apos;, java.version: &apos;11.0.14&apos;&#10;Driver info: driver.version: AndroidDriver" type="org.openqa.selenium.WebDriverException">org.openqa.selenium.WebDriverException: 
Connection refused (Connection refused)
Build info: version: '3.141.59', revision: 'e82be7d358', time: '2018-11-14T08:17:03'
System info: host: 'ritik-Latitude-3410', ip: '127.0.1.1', os.name: 'Linux', os.arch: 'amd64', os.version: '5.11.0-49-generic', java.version: '11.0.14'
Driver info: driver.version: AndroidDriver
	at Mobile.TestLogin.startExtendStopSession(TestLogin.java:176)
Caused by: java.net.ConnectException: Connection refused (Connection refused)
	at Mobile.TestLogin.startExtendStopSession(TestLogin.java:176)
</failure>
    <system-out><![CDATA[2022-02-03 11:38:55  New Test started: --> startExtendStopSession
2022-02-03 11:38:55  GettheParking start
2022-02-03 11:38:55  GettheParking start: error:org.openqa.selenium.WebDriverException: org.openqa.selenium.WebDriverException: Connection refused (Connection refused)
Build info: version: '3.141.59', revision: 'e82be7d358', time: '2018-11-14T08:17:03'
System info: host: 'ritik-Latitude-3410', ip: '127.0.1.1', os.name: 'Linux', os.arch: 'amd64', os.version: '5.11.0-49-generic', java.version: '11.0.14'
Driver info: driver.version: AndroidDriver
2022-02-03 11:38:55  StartsessionforParkingwithPass start
2022-02-03 11:38:55  Scroll page starts
2022-02-03 11:39:00  Test end:(Fail) --> startExtendStopSession: org.openqa.selenium.WebDriverException: Connection refused (Connection refused)
Build info: version: '3.141.59', revision: 'e82be7d358', time: '2018-11-14T08:17:03'
System info: host: 'ritik-Latitude-3410', ip: '127.0.1.1', os.name: 'Linux', os.arch: 'amd64', os.version: '5.11.0-49-generic', java.version: '11.0.14'
Driver info: driver.version: AndroidDriver
2022-02-03 11:39:00  Error in TestNG Listner(taking screenshot on failure): org.openqa.selenium.WebDriverException: Connection refused (Connection refused)
Build info: version: '3.141.59', revision: 'e82be7d358', time: '2018-11-14T08:17:03'
System info: host: 'ritik-Latitude-3410', ip: '127.0.1.1', os.name: 'Linux', os.arch: 'amd64', os.version: '5.11.0-49-generic', java.version: '11.0.14'
Driver info: driver.version: RemoteWebDriver
]]></system-out>
  </testcase>
  <testcase name="deleteVehicle" classname="Mobile.TestLogin" time="2.017">
    <failure message="org.openqa.selenium.WebDriverException: Connection refused (Connection refused)&#10;Build info: version: &apos;3.141.59&apos;, revision: &apos;e82be7d358&apos;, time: &apos;2018-11-14T08:17:03&apos;&#10;System info: host: &apos;ritik-Latitude-3410&apos;, ip: &apos;127.0.1.1&apos;, os.name: &apos;Linux&apos;, os.arch: &apos;amd64&apos;, os.version: &apos;5.11.0-49-generic&apos;, java.version: &apos;11.0.14&apos;&#10;Driver info: driver.version: AndroidDriver" type="org.openqa.selenium.WebDriverException">org.openqa.selenium.WebDriverException: 
org.openqa.selenium.WebDriverException: Connection refused (Connection refused)
Build info: version: '3.141.59', revision: 'e82be7d358', time: '2018-11-14T08:17:03'
System info: host: 'ritik-Latitude-3410', ip: '127.0.1.1', os.name: 'Linux', os.arch: 'amd64', os.version: '5.11.0-49-generic', java.version: '11.0.14'
Driver info: driver.version: AndroidDriver
	at Mobile.TestLogin.deleteVehicle(TestLogin.java:158)
Caused by: org.openqa.selenium.WebDriverException: 
Connection refused (Connection refused)
Build info: version: '3.141.59', revision: 'e82be7d358', time: '2018-11-14T08:17:03'
System info: host: 'ritik-Latitude-3410', ip: '127.0.1.1', os.name: 'Linux', os.arch: 'amd64', os.version: '5.11.0-49-generic', java.version: '11.0.14'
Driver info: driver.version: AndroidDriver
	at Mobile.TestLogin.deleteVehicle(TestLogin.java:158)
Caused by: java.net.ConnectException: Connection refused (Connection refused)
	at Mobile.TestLogin.deleteVehicle(TestLogin.java:158)
</failure>
    <system-out><![CDATA[2022-02-03 11:39:00  New Test started: --> deleteVehicle
2022-02-03 11:39:02  Going to delete Vehicle
2022-02-03 11:39:02  Test end:(Fail) --> deleteVehicle: org.openqa.selenium.WebDriverException: org.openqa.selenium.WebDriverException: Connection refused (Connection refused)
Build info: version: '3.141.59', revision: 'e82be7d358', time: '2018-11-14T08:17:03'
System info: host: 'ritik-Latitude-3410', ip: '127.0.1.1', os.name: 'Linux', os.arch: 'amd64', os.version: '5.11.0-49-generic', java.version: '11.0.14'
Driver info: driver.version: AndroidDriver
2022-02-03 11:39:02  Error in TestNG Listner(taking screenshot on failure): org.openqa.selenium.WebDriverException: Connection refused (Connection refused)
Build info: version: '3.141.59', revision: 'e82be7d358', time: '2018-11-14T08:17:03'
System info: host: 'ritik-Latitude-3410', ip: '127.0.1.1', os.name: 'Linux', os.arch: 'amd64', os.version: '5.11.0-49-generic', java.version: '11.0.14'
Driver info: driver.version: RemoteWebDriver
]]></system-out>
  </testcase>
</testsuite>